<?xml version="1.0" encoding="utf-8"?>
<test-run id="2" testcasecount="5" result="Passed" total="5" passed="5" failed="0" inconclusive="0" skipped="0" asserts="0" engine-version="3.5.0.0" clr-version="4.0.30319.42000" start-time="2021-12-20 04:25:08Z" end-time="2021-12-20 04:25:08Z" duration="0,147997">
  <test-suite type="TestSuite" id="1013" name="Unit Testes" fullname="Unit Testes" runstate="Runnable" testcasecount="5" result="Passed" start-time="2021-12-20 04:25:08Z" end-time="2021-12-20 04:25:08Z" duration="0.147997" total="5" passed="5" failed="0" inconclusive="0" skipped="0" asserts="0">
    <properties />
    <test-suite type="Assembly" id="1022" name="Tests.dll" fullname="C:/Users/Ellevo/Unit Testes/Library/ScriptAssemblies/Tests.dll" runstate="Runnable" testcasecount="5" result="Passed" start-time="2021-12-20 04:25:08Z" end-time="2021-12-20 04:25:08Z" duration="0.134845" total="5" passed="5" failed="0" inconclusive="0" skipped="0" asserts="0">
      <properties>
        <property name="_PID" value="6288" />
        <property name="_APPDOMAIN" value="Unity Child Domain" />
        <property name="platform" value="EditMode" />
      </properties>
      <test-suite type="TestFixture" id="1014" name="character_with_inventory" fullname="character_with_inventory" classname="character_with_inventory" runstate="Runnable" testcasecount="1" result="Passed" start-time="2021-12-20 04:25:08Z" end-time="2021-12-20 04:25:08Z" duration="0.124214" total="1" passed="1" failed="0" inconclusive="0" skipped="0" asserts="0">
        <properties />
        <test-case id="1015" name="with_90_armor_takes_10_percent_damage" fullname="character_with_inventory.with_90_armor_takes_10_percent_damage" methodname="with_90_armor_takes_10_percent_damage" classname="character_with_inventory" runstate="Runnable" seed="801109784" result="Passed" start-time="2021-12-20 04:25:08Z" end-time="2021-12-20 04:25:08Z" duration="0.113635" asserts="0">
          <properties />
        </test-case>
      </test-suite>
      <test-suite type="TestFixture" id="1016" name="damage_calculator" fullname="damage_calculator" classname="damage_calculator" runstate="Runnable" testcasecount="2" result="Passed" start-time="2021-12-20 04:25:08Z" end-time="2021-12-20 04:25:08Z" duration="0.003885" total="2" passed="2" failed="0" inconclusive="0" skipped="0" asserts="0">
        <properties />
        <test-case id="1018" name="calculates_2_damage_from_10_with_80_percent_mitigation" fullname="damage_calculator.calculates_2_damage_from_10_with_80_percent_mitigation" methodname="calculates_2_damage_from_10_with_80_percent_mitigation" classname="damage_calculator" runstate="Runnable" seed="1823819490" result="Passed" start-time="2021-12-20 04:25:08Z" end-time="2021-12-20 04:25:08Z" duration="0.000348" asserts="0">
          <properties />
        </test-case>
        <test-case id="1017" name="sets_damage_to_half_with_50_percent_mitigation" fullname="damage_calculator.sets_damage_to_half_with_50_percent_mitigation" methodname="sets_damage_to_half_with_50_percent_mitigation" classname="damage_calculator" runstate="Runnable" seed="316294316" result="Passed" start-time="2021-12-20 04:25:08Z" end-time="2021-12-20 04:25:08Z" duration="0.000161" asserts="0">
          <properties />
        </test-case>
      </test-suite>
      <test-suite type="TestFixture" id="1019" name="inventory" fullname="inventory" classname="inventory" runstate="Runnable" testcasecount="2" result="Passed" start-time="2021-12-20 04:25:08Z" end-time="2021-12-20 04:25:08Z" duration="0.005494" total="2" passed="2" failed="0" inconclusive="0" skipped="0" asserts="0">
        <properties />
        <test-case id="1020" name="only_allows_one_chest_to_be_equipped_at_a_time" fullname="inventory.only_allows_one_chest_to_be_equipped_at_a_time" methodname="only_allows_one_chest_to_be_equipped_at_a_time" classname="inventory" runstate="Runnable" seed="711524709" result="Passed" start-time="2021-12-20 04:25:08Z" end-time="2021-12-20 04:25:08Z" duration="0.001500" asserts="0">
          <properties />
        </test-case>
        <test-case id="1021" name="tells_character_when_an_item_is_equipped_successfully" fullname="inventory.tells_character_when_an_item_is_equipped_successfully" methodname="tells_character_when_an_item_is_equipped_successfully" classname="inventory" runstate="Runnable" seed="1156325827" result="Passed" start-time="2021-12-20 04:25:08Z" end-time="2021-12-20 04:25:08Z" duration="0.003366" asserts="0">
          <properties />
        </test-case>
      </test-suite>
    </test-suite>
  </test-suite>
</test-run>